<?xml version="1.1" encoding="UTF-8"?>
<testsuite name="Main" tests="1" failures="0" errors="0" timestamp="2014-05-17T15:39:37" hostname="Kegans-MacBook.local" time="2.659">
  <properties/>
  <testcase name="foo" classname="Main" time="2.659"/>
  <system-out><![CDATA[Starting test: foo



Deploy Worker Verticle Couchbase Sync


Response: {"response":{"op":"ADD","key":"1","timestamp":1400341180174,"success":true,"response":{"success":true,"cas":41441267223636}}}
]]></system-out>
  <system-err><![CDATA[log4j:WARN No appenders could be found for logger (io.netty.util.internal.logging.InternalLoggerFactory).
log4j:WARN Please initialize the log4j system properly.
log4j:WARN See http://logging.apache.org/log4j/1.2/faq.html#noconfig for more info.
2014-05-17 17:39:37.969 INFO net.spy.memcached.auth.AuthThread:  Authenticated to localhost/127.0.0.1:11210
2014-05-17 17:39:38.067 INFO com.couchbase.client.vbucket.provider.BucketConfigurationProvider:  Carrier config not available, bootstrapped through HTTP.
2014-05-17 17:39:38.321 INFO com.couchbase.client.CouchbaseConnection:  Added {QA sa=/127.0.0.1:11210, #Rops=0, #Wops=0, #iq=0, topRop=null, topWop=null, toWrite=0, interested=0} to connect queue
2014-05-17 17:39:38.326 INFO com.couchbase.client.CouchbaseConnection:  Connection state changed for sun.nio.ch.SelectionKeyImpl@623cc34d
2014-05-17 17:39:38.326 INFO com.couchbase.client.CouchbaseClient:  CouchbaseConnectionFactory{bucket='ivault', nodes=[http://localhost:8091/pools], order=RANDOM, opTimeout=2500, opQueue=16384, opQueueBlockTime=10000, obsPollInt=10, obsPollMax=500, obsTimeout=5000, viewConns=10, viewTimeout=75000, viewWorkers=1, configCheck=10, reconnectInt=1100, failureMode=Redistribute, hashAlgo=NATIVE_HASH, authWaitTime=2500}
2014-05-17 17:39:38.434 INFO net.spy.memcached.auth.AuthThread:  Authenticated to localhost/127.0.0.1:11210
2014-05-17 17:39:38.471 INFO com.couchbase.client.CouchbaseClient:  viewmode property isn't defined. Setting viewmode to production mode
May 17, 2014 5:39:38 PM org.vertx.java.core.logging.impl.JULLogDelegate info
INFO: registering at address: vertx.couchbase.sync
May 17, 2014 5:39:38 PM org.vertx.java.core.logging.impl.JULLogDelegate info
INFO:  verticle up, listening on: vertx.couchbase.sync
May 17, 2014 5:39:39 PM org.vertx.java.core.logging.impl.JULLogDelegate info
INFO: sending message to address: vertx.couchbase.sync
May 17, 2014 5:39:40 PM org.vertx.java.core.logging.impl.JULLogDelegate info
INFO: Got message:{"op":"ADD","key":"1","value":"data goes here","ack":true}
]]></system-err>
</testsuite>
